[NbConvertApp] Converting notebook 100_ind_100_gen.ipynb to notebook
[NbConvertApp] Executing notebook with kernel: python3
[NbConvertApp] Writing 791096 bytes to 100_ind_100_gen.ipynb
reply.
Traceback (most recent call last):
  File "/home/pgrad2/2265960b/.local/lib/python3.6/site-packages/nbconvert/pr[NbConvertApp] Writing 784212 bytes to 100_ind_100_gen.ipynb
 = self.kc.shell_channel.get_msg(timeout=timeout_interval)
  File "/home/pgrad2/2265960b/.local/lib/python3.6/site-packages/jupyter_client/blocking/channels.py", line 57, in get_msg
    raise Empty
queue.Empty

During handling of the above exception, another exception occurred:

Traceback (most recent call last):
  File "/home/pgrad2/2265960b/.local/bin/jupyter-nbconvert", line 10, in <module>
    sys.exit(main())
  File "/home/pgrad2/2265960b/.local/lib/python3.6/site-packages/jupyter_core/application.py", line 267, in launch_instance
    return super(JupyterApp, cls).launch_instance(argv=argv, **kwargs)
  File "/home/pgrad2/2265960b/.local/lib/python3.6/site-packages/traitlets/config/application.py", line 658, in launch_instance
    app.start()
  File "/home/pgrad2/2265960b/.local/lib/python3.6/site-packages/nbconvert/nbconvertapp.py", line 338, in start
    self.convert_notebooks()
  File "/home/pgrad2/2265960b/.local/lib/python3.6/site-packages/nbconvert/nbconvertapp.py", line 508, in convert_notebooks
    self.convert_single_notebook(notebook_filename)
  File "/home/pgrad2/2265960b/.local/lib/python3.6/site-packages/nbconvert/nbconvertapp.py", line 479, in convert_single_notebook
    output, resources = self.export_single_notebook(notebook_filename, resources, input_buffer=input_buffer)
  File "/home/pgrad2/2265960b/.local/lib/python3.6/site-packages/nbconvert/nbconvertapp.py", line 408, in export_single_notebook
    output, resources = self.exporter.from_filename(notebook_filename, resources=resources)
  File "/home/pgrad2/2265960b/.local/lib/python3.6/site-packages/nbconvert/exporters/exporter.py", line 179, in from_filename
    return self.from_file(f, resources=resources, **kw)
  File "/home/pgrad2/2265960b/.local/lib/python3.6/site-packages/nbconvert/exporters/exporter.py", line 197, in from_file
    return self.from_notebook_node(nbformat.read(file_stream, as_version=4), resources=resources, **kw)
  File "/home/pgrad2/2265960b/.local/lib/python3.6/site-packages/nbconvert/exporters/notebook.py", line 32, in from_notebook_node
    nb_copy, resources = super(NotebookExporter, self).from_notebook_node(nb, resources, **kw)
  File "/home/pgrad2/2265960b/.local/lib/python3.6/site-packages/nbconvert/exporters/exporter.py", line 139, in from_notebook_node
    nb_copy, resources = self._preprocess(nb_copy, resources)
  File "/home/pgrad2/2265960b/.local/lib/python3.6/site-packages/nbconvert/exporters/exporter.py", line 316, in _preprocess
    nbc, resc = preprocessor(nbc, resc)
  File "/home/pgrad2/2265960b/.local/lib/python3.6/site-packages/nbconvert/preprocessors/base.py", line 47, in __call__
    return self.preprocess(nb, resources)
  File "/home/pgrad2/2265960b/.local/lib/python3.6/site-packages/nbconvert/preprocessors/execute.py", line 381, in preprocess
    nb, resources = super(ExecutePreprocessor, self).preprocess(nb, resources)
  File "/home/pgrad2/2265960b/.local/lib/python3.6/site-packages/nbconvert/preprocessors/base.py", line 69, in preprocess
    nb.cells[index], resources = self.preprocess_cell(cell, resources, index)
  File "/home/pgrad2/2265960b/.local/lib/python3.6/site-packages/nbconvert/preprocessors/execute.py", line 414, in preprocess_cell
    reply, outputs = self.run_cell(cell, cell_index)
  File "/home/pgrad2/2265960b/.local/lib/python3.6/site-packages/nbconvert/preprocessors/execute.py", line 491, in run_cell
    exec_reply = self._wait_for_reply(parent_msg_id, cell)
  File "/home/pgrad2/2265960b/.local/lib/python3.6/site-packages/nbconvert/preprocessors/execute.py", line 473, in _wait_for_reply
    self._check_alive()
  File "/home/pgrad2/2265960b/.local/lib/python3.6/site-packages/nbconvert/preprocessors/execute.py", line 456, in _check_alive
    raise DeadKernelError("Kernel died")
nbconvert.preprocessors.execute.DeadKernelError: Kernel died
